#-----------------------------------------------------------
# Vivado v2018.2 (64-bit)
# SW Build 2258646 on Thu Jun 14 20:03:12 MDT 2018
# IP Build 2256618 on Thu Jun 14 22:10:49 MDT 2018
# Start of session at: Sun Sep  8 11:17:47 2019
# Process ID: 22476
# Current directory: D:/Code_programmed/Vivado/Vivado_file/FIFO
# Command line: vivado.exe -gui_launcher_event rodinguilauncherevent18796 D:\Code_programmed\Vivado\Vivado_file\FIFO\FIFO.xpr
# Log file: D:/Code_programmed/Vivado/Vivado_file/FIFO/vivado.log
# Journal file: D:/Code_programmed/Vivado/Vivado_file/FIFO\vivado.jou
#-----------------------------------------------------------
start_gui
open_project D:/Code_programmed/Vivado/Vivado_file/FIFO/FIFO.xpr
Scanning sources...
Finished scanning sources
INFO: [IP_Flow 19-234] Refreshing IP repositories
INFO: [IP_Flow 19-1704] No user IP repositories specified
INFO: [IP_Flow 19-2313] Loaded Vivado IP repository 'D:/Xilinx/Vivado/2018.2/data/ip'.
open_project: Time (s): cpu = 00:00:12 ; elapsed = 00:00:14 . Memory (MB): peak = 824.332 ; gain = 113.441
update_compile_order -fileset sources_1
exit
INFO: [Common 17-206] Exiting Vivado at Sun Sep  8 13:48:47 2019...
